1584796728661:?
1584796739594:help
1584796750516:clear
1584796834970:transfer
1584796852630:clear
1584796873397:transfer
1584797110459:clear
1584797113065:help
1584797440123:cler
1584797443641:clear
1584797537057:help transfer
1584797563002:transfer -f 1 -
1584797577869:trasnfer -f 1 -t 2 -a 1
1584797597345:transfer -f 1 -t 2 -a 1
1584797646900:help
1584797653465:script
1584797851659:help
1584797864108:transfer -f 1 -t 2 -a 1
1584797928739:stacktrace transfer -f 1 -t 2 -a 1
1584798141996:help
1584798149211:help transfer
